Execution time:	2.142448
Speedup:	120.67 
CPU Time:	258.536396

 Id.	Computation	%time	Communication
  1	1.899292	88.83	0.238894
  2	1.928033	90.16	0.210353
  3	1.928788	90.20	0.209489
  4	1.959915	91.65	0.178625
  5	1.954578	91.37	0.184565
  6	1.939233	90.65	0.200133
  7	2.003037	93.70	0.134665
  8	1.969761	92.13	0.168208
  9	2.005495	93.82	0.132210
 10	2.035555	95.21	0.102489
 11	2.037526	95.22	0.102354
 12	2.067773	96.62	0.072378
 13	2.042078	95.37	0.099180
 14	2.077057	96.99	0.064429
 15	2.112164	98.82	0.025138
 16	2.089261	97.74	0.048303
 17	1.999942	93.51	0.138838
 18	2.035336	95.15	0.103666
 19	2.025895	94.72	0.112819
 20	2.031353	94.97	0.107628
 21	1.999031	93.40	0.141242
 22	2.065666	96.50	0.074831
 23	2.107420	98.42	0.033725
 24	2.088366	97.52	0.053044
 25	2.003172	93.72	0.134221
 26	2.024871	94.72	0.112792
 27	2.037018	95.32	0.100051
 28	2.044953	95.68	0.092380
 29	2.006719	93.80	0.132743
 30	2.017001	94.27	0.122681
 31	2.114591	98.98	0.021716
 32	2.076435	97.19	0.060134
 33	2.014819	94.22	0.123668
 34	2.044075	95.58	0.094618
 35	2.076733	97.03	0.063543
 36	2.118586	98.97	0.021957
 37	2.053067	96.04	0.084611
 38	1.988777	93.02	0.149123
 39	2.066478	96.73	0.069865
 40	2.051214	96.00	0.085396
 41	1.995652	93.33	0.142550
 42	2.001761	93.60	0.136781
 43	2.036536	95.22	0.102189
 44	2.029831	94.90	0.109161
 45	1.988281	92.98	0.150195
 46	1.938502	90.64	0.200196
 47	1.969656	92.09	0.169194
 48	1.961696	91.71	0.177416
 49	1.979770	92.64	0.157324
 50	2.016754	94.36	0.120562
 51	2.033918	95.11	0.104528
 52	2.049034	95.81	0.089678
 53	2.000021	93.56	0.137701
 54	1.947426	91.09	0.190518
 55	1.956964	91.50	0.181753
 56	1.928435	90.16	0.210546
 57	1.961772	91.75	0.176435
 58	2.047045	95.72	0.091431
 59	2.053743	95.88	0.088187
 60	2.037794	95.13	0.104401
 61	1.984945	92.87	0.152343
 62	1.959629	91.68	0.177889
 63	1.976267	92.39	0.162680
 64	1.939821	90.68	0.199389
 65	1.980108	92.46	0.161553
 66	2.051081	95.76	0.090785
 67	2.051298	95.93	0.087050
 68	2.024717	94.67	0.113897
 69	1.989759	93.03	0.149190
 70	1.999860	93.49	0.139309
 71	1.997259	93.40	0.141068
 72	1.927708	90.14	0.210884
 73	1.953408	91.26	0.187117
 74	2.043886	95.47	0.096980
 75	2.057594	96.24	0.080382
 76	2.026908	94.79	0.111333
 77	2.009218	93.96	0.129106
 78	2.020549	94.48	0.117997
 79	2.014886	94.22	0.123683
 80	1.927896	90.14	0.210933
 81	1.942293	90.85	0.195702
 82	2.024553	94.68	0.113665
 83	2.057817	96.15	0.082375
 84	2.017218	94.24	0.123241
 85	2.026160	94.79	0.111440
 86	2.013720	94.19	0.124104
 87	2.033670	95.11	0.104574
 88	1.922051	89.88	0.216459
 89	1.995618	93.16	0.146460
 90	2.061391	96.22	0.081057
 91	2.125416	99.40	0.012895
 92	2.097164	98.06	0.041424
 93	2.090585	97.70	0.049207
 94	2.048665	95.73	0.091351
 95	2.075334	97.04	0.063305
 96	1.960032	91.64	0.178871
 97	1.994611	93.29	0.143406
 98	2.045512	95.66	0.092711
 99	2.100235	98.24	0.037526
100	2.060020	96.35	0.078007
101	2.058723	96.27	0.079659
102	2.091435	97.79	0.047169
103	2.093500	97.74	0.048497
104	2.026508	94.60	0.115754
105	1.977702	92.51	0.160181
106	2.033399	95.10	0.104824
107	2.092313	97.82	0.046552
108	2.072225	96.87	0.066907
109	2.069228	96.63	0.072147
110	2.125538	99.25	0.016059
111	2.077651	97.17	0.060574
112	2.047592	95.75	0.090896
113	1.979288	92.56	0.159076
114	2.019576	94.43	0.119013
115	2.096038	97.95	0.043818
116	2.084944	97.42	0.055179
117	2.074749	96.95	0.065337
118	2.106890	98.44	0.033421
119	2.053454	95.96	0.086563
120	2.066786	96.57	0.073494
121	1.897158	88.67	0.242445
122	1.898183	88.71	0.241694
123	1.957237	91.46	0.182837
124	1.961968	91.67	0.178372
125	1.997843	93.42	0.140623
126	1.980311	92.59	0.158374
127	1.946528	91.02	0.192001
128	1.945112	90.94	0.193680

 Id.	Mess.sent	Bytes sent	Immediate recv	Waiting recv	Bytes recv	Coll.op.	Block time	Comm. time	Wait link time	Wait buses time	I/O time
  1	5.400000e+01	1.446128e+06	4.000000e+00	5.000000e+01	1.446128e+06	1.000000e+00	0.017814	0.000000	0.000000	0.000000	0.000000
  2	8.100000e+01	2.176640e+06	3.500000e+01	4.600000e+01	2.176640e+06	1.000000e+00	0.014113	0.000000	0.000000	0.000000	0.000000
  3	8.100000e+01	2.176640e+06	2.900000e+01	5.200000e+01	2.176640e+06	1.000000e+00	0.013109	0.000000	0.000000	0.000000	0.000000
  4	8.100000e+01	2.176640e+06	3.400000e+01	4.700000e+01	2.176640e+06	1.000000e+00	0.011429	0.000000	0.000000	0.000000	0.000000
  5	8.100000e+01	2.176640e+06	3.100000e+01	5.000000e+01	2.176640e+06	1.000000e+00	0.011394	0.000000	0.000000	0.000000	0.000000
  6	8.100000e+01	2.176640e+06	4.000000e+01	4.100000e+01	2.176640e+06	1.000000e+00	0.011722	0.000000	0.000000	0.000000	0.000000
  7	8.100000e+01	2.176640e+06	4.100000e+01	4.000000e+01	2.176640e+06	1.000000e+00	0.011922	0.000000	0.000000	0.000000	0.000000
  8	5.400000e+01	1.464960e+06	8.000000e+00	4.600000e+01	1.464960e+06	1.000000e+00	0.011911	0.000000	0.000000	0.000000	0.000000
  9	8.100000e+01	2.214304e+06	4.400000e+01	3.700000e+01	2.214304e+06	1.000000e+00	0.009943	0.000000	0.000000	0.000000	0.000000
 10	1.080000e+02	2.997376e+06	6.600000e+01	4.200000e+01	2.997376e+06	1.000000e+00	0.007498	0.000000	0.000000	0.000000	0.000000
 11	1.080000e+02	2.997376e+06	6.400000e+01	4.400000e+01	2.997376e+06	1.000000e+00	0.006486	0.000000	0.000000	0.000000	0.000000
 12	1.080000e+02	2.997376e+06	7.300000e+01	3.500000e+01	2.997376e+06	1.000000e+00	0.005269	0.000000	0.000000	0.000000	0.000000
 13	1.080000e+02	2.997376e+06	6.400000e+01	4.400000e+01	2.997376e+06	1.000000e+00	0.004767	0.000000	0.000000	0.000000	0.000000
 14	1.080000e+02	2.997376e+06	8.200000e+01	2.600000e+01	2.997376e+06	1.000000e+00	0.004209	0.000000	0.000000	0.000000	0.000000
 15	1.080000e+02	2.997376e+06	8.400000e+01	2.400000e+01	2.997376e+06	1.000000e+00	0.004620	0.000000	0.000000	0.000000	0.000000
 16	8.100000e+01	2.251968e+06	4.300000e+01	3.800000e+01	2.251968e+06	1.000000e+00	0.006289	0.000000	0.000000	0.000000	0.000000
 17	8.100000e+01	2.214304e+06	3.200000e+01	4.900000e+01	2.214304e+06	1.000000e+00	0.010116	0.000000	0.000000	0.000000	0.000000
 18	1.080000e+02	2.997376e+06	7.200000e+01	3.600000e+01	2.997376e+06	1.000000e+00	0.006763	0.000000	0.000000	0.000000	0.000000
 19	1.080000e+02	2.997376e+06	5.500000e+01	5.300000e+01	2.997376e+06	1.000000e+00	0.006578	0.000000	0.000000	0.000000	0.000000
 20	1.080000e+02	2.997376e+06	6.900000e+01	3.900000e+01	2.997376e+06	1.000000e+00	0.005426	0.000000	0.000000	0.000000	0.000000
 21	1.080000e+02	2.997376e+06	5.800000e+01	5.000000e+01	2.997376e+06	1.000000e+00	0.005418	0.000000	0.000000	0.000000	0.000000
 22	1.080000e+02	2.997376e+06	8.200000e+01	2.600000e+01	2.997376e+06	1.000000e+00	0.004221	0.000000	0.000000	0.000000	0.000000
 23	1.080000e+02	2.997376e+06	6.200000e+01	4.600000e+01	2.997376e+06	1.000000e+00	0.005003	0.000000	0.000000	0.000000	0.000000
 24	8.100000e+01	2.251968e+06	5.000000e+01	3.100000e+01	2.251968e+06	1.000000e+00	0.006227	0.000000	0.000000	0.000000	0.000000
 25	8.100000e+01	2.214304e+06	3.500000e+01	4.600000e+01	2.214304e+06	1.000000e+00	0.009370	0.000000	0.000000	0.000000	0.000000
 26	1.080000e+02	2.997376e+06	5.500000e+01	5.300000e+01	2.997376e+06	1.000000e+00	0.006419	0.000000	0.000000	0.000000	0.000000
 27	1.080000e+02	2.997376e+06	6.400000e+01	4.400000e+01	2.997376e+06	1.000000e+00	0.004667	0.000000	0.000000	0.000000	0.000000
 28	1.080000e+02	2.997376e+06	6.500000e+01	4.300000e+01	2.997376e+06	1.000000e+00	0.004506	0.000000	0.000000	0.000000	0.000000
 29	1.080000e+02	2.997376e+06	6.000000e+01	4.800000e+01	2.997376e+06	1.000000e+00	0.005100	0.000000	0.000000	0.000000	0.000000
 30	1.080000e+02	2.997376e+06	5.900000e+01	4.900000e+01	2.997376e+06	1.000000e+00	0.005404	0.000000	0.000000	0.000000	0.000000
 31	1.080000e+02	2.997376e+06	6.700000e+01	4.100000e+01	2.997376e+06	1.000000e+00	0.004208	0.000000	0.000000	0.000000	0.000000
 32	8.100000e+01	2.251968e+06	3.200000e+01	4.900000e+01	2.251968e+06	1.000000e+00	0.005842	0.000000	0.000000	0.000000	0.000000
 33	8.100000e+01	2.214304e+06	4.700000e+01	3.400000e+01	2.214304e+06	1.000000e+00	0.009060	0.000000	0.000000	0.000000	0.000000
 34	1.080000e+02	2.997376e+06	7.300000e+01	3.500000e+01	2.997376e+06	1.000000e+00	0.005856	0.000000	0.000000	0.000000	0.000000
 35	1.080000e+02	2.997376e+06	7.800000e+01	3.000000e+01	2.997376e+06	1.000000e+00	0.003901	0.000000	0.000000	0.000000	0.000000
 36	1.080000e+02	2.997376e+06	9.100000e+01	1.700000e+01	2.997376e+06	1.000000e+00	0.002843	0.000000	0.000000	0.000000	0.000000
 37	1.080000e+02	2.997376e+06	7.600000e+01	3.200000e+01	2.997376e+06	1.000000e+00	0.003850	0.000000	0.000000	0.000000	0.000000
 38	1.080000e+02	2.997376e+06	5.700000e+01	5.100000e+01	2.997376e+06	1.000000e+00	0.005236	0.000000	0.000000	0.000000	0.000000
 39	1.080000e+02	2.997376e+06	7.300000e+01	3.500000e+01	2.997376e+06	1.000000e+00	0.004874	0.000000	0.000000	0.000000	0.000000
 40	8.100000e+01	2.251968e+06	3.900000e+01	4.200000e+01	2.251968e+06	1.000000e+00	0.005765	0.000000	0.000000	0.000000	0.000000
 41	8.100000e+01	2.195472e+06	2.900000e+01	5.200000e+01	2.195472e+06	1.000000e+00	0.011714	0.000000	0.000000	0.000000	0.000000
 42	1.080000e+02	2.959712e+06	5.100000e+01	5.700000e+01	2.959712e+06	1.000000e+00	0.007821	0.000000	0.000000	0.000000	0.000000
 43	1.080000e+02	2.959712e+06	5.800000e+01	5.000000e+01	2.959712e+06	1.000000e+00	0.005982	0.000000	0.000000	0.000000	0.000000
 44	1.080000e+02	2.959712e+06	6.300000e+01	4.500000e+01	2.959712e+06	1.000000e+00	0.006271	0.000000	0.000000	0.000000	0.000000
 45	1.080000e+02	2.959712e+06	5.000000e+01	5.800000e+01	2.959712e+06	1.000000e+00	0.006509	0.000000	0.000000	0.000000	0.000000
 46	1.080000e+02	2.959712e+06	4.700000e+01	6.100000e+01	2.959712e+06	1.000000e+00	0.008818	0.000000	0.000000	0.000000	0.000000
 47	1.080000e+02	2.959712e+06	6.000000e+01	4.800000e+01	2.959712e+06	1.000000e+00	0.009291	0.000000	0.000000	0.000000	0.000000
 48	8.100000e+01	2.233136e+06	3.300000e+01	4.800000e+01	2.233136e+06	1.000000e+00	0.011161	0.000000	0.000000	0.000000	0.000000
 49	8.100000e+01	2.195472e+06	2.600000e+01	5.500000e+01	2.195472e+06	1.000000e+00	0.012975	0.000000	0.000000	0.000000	0.000000
 50	1.080000e+02	2.959712e+06	5.500000e+01	5.300000e+01	2.959712e+06	1.000000e+00	0.010303	0.000000	0.000000	0.000000	0.000000
 51	1.080000e+02	2.959712e+06	6.000000e+01	4.800000e+01	2.959712e+06	1.000000e+00	0.010100	0.000000	0.000000	0.000000	0.000000
 52	1.080000e+02	2.959712e+06	6.700000e+01	4.100000e+01	2.959712e+06	1.000000e+00	0.009077	0.000000	0.000000	0.000000	0.000000
 53	1.080000e+02	2.959712e+06	5.800000e+01	5.000000e+01	2.959712e+06	1.000000e+00	0.010093	0.000000	0.000000	0.000000	0.000000
 54	1.080000e+02	2.959712e+06	5.900000e+01	4.900000e+01	2.959712e+06	1.000000e+00	0.011724	0.000000	0.000000	0.000000	0.000000
 55	1.080000e+02	2.959712e+06	5.000000e+01	5.800000e+01	2.959712e+06	1.000000e+00	0.012485	0.000000	0.000000	0.000000	0.000000
 56	8.100000e+01	2.233136e+06	2.900000e+01	5.200000e+01	2.233136e+06	1.000000e+00	0.015716	0.000000	0.000000	0.000000	0.000000
 57	8.100000e+01	2.195472e+06	2.400000e+01	5.700000e+01	2.195472e+06	1.000000e+00	0.013460	0.000000	0.000000	0.000000	0.000000
 58	1.080000e+02	2.959712e+06	5.800000e+01	5.000000e+01	2.959712e+06	1.000000e+00	0.010732	0.000000	0.000000	0.000000	0.000000
 59	1.080000e+02	2.959712e+06	7.200000e+01	3.600000e+01	2.959712e+06	1.000000e+00	0.010580	0.000000	0.000000	0.000000	0.000000
 60	1.080000e+02	2.959712e+06	5.200000e+01	5.600000e+01	2.959712e+06	1.000000e+00	0.010288	0.000000	0.000000	0.000000	0.000000
 61	1.080000e+02	2.959712e+06	4.700000e+01	6.100000e+01	2.959712e+06	1.000000e+00	0.010943	0.000000	0.000000	0.000000	0.000000
 62	1.080000e+02	2.959712e+06	5.600000e+01	5.200000e+01	2.959712e+06	1.000000e+00	0.012383	0.000000	0.000000	0.000000	0.000000
 63	1.080000e+02	2.959712e+06	5.600000e+01	5.200000e+01	2.959712e+06	1.000000e+00	0.013112	0.000000	0.000000	0.000000	0.000000
 64	8.100000e+01	2.233136e+06	2.700000e+01	5.400000e+01	2.233136e+06	1.000000e+00	0.016226	0.000000	0.000000	0.000000	0.000000
 65	8.100000e+01	2.195472e+06	3.600000e+01	4.500000e+01	2.195472e+06	1.000000e+00	0.010570	0.000000	0.000000	0.000000	0.000000
 66	1.080000e+02	2.959712e+06	6.300000e+01	4.500000e+01	2.959712e+06	1.000000e+00	0.008601	0.000000	0.000000	0.000000	0.000000
 67	1.080000e+02	2.959712e+06	7.100000e+01	3.700000e+01	2.959712e+06	1.000000e+00	0.008552	0.000000	0.000000	0.000000	0.000000
 68	1.080000e+02	2.959712e+06	6.100000e+01	4.700000e+01	2.959712e+06	1.000000e+00	0.008090	0.000000	0.000000	0.000000	0.000000
 69	1.080000e+02	2.959712e+06	5.800000e+01	5.000000e+01	2.959712e+06	1.000000e+00	0.008916	0.000000	0.000000	0.000000	0.000000
 70	1.080000e+02	2.959712e+06	5.900000e+01	4.900000e+01	2.959712e+06	1.000000e+00	0.008288	0.000000	0.000000	0.000000	0.000000
 71	1.080000e+02	2.959712e+06	6.400000e+01	4.400000e+01	2.959712e+06	1.000000e+00	0.008784	0.000000	0.000000	0.000000	0.000000
 72	8.100000e+01	2.233136e+06	2.300000e+01	5.800000e+01	2.233136e+06	1.000000e+00	0.012735	0.000000	0.000000	0.000000	0.000000
 73	8.100000e+01	2.195472e+06	3.500000e+01	4.600000e+01	2.195472e+06	1.000000e+00	0.009864	0.000000	0.000000	0.000000	0.000000
 74	1.080000e+02	2.959712e+06	6.700000e+01	4.100000e+01	2.959712e+06	1.000000e+00	0.007169	0.000000	0.000000	0.000000	0.000000
 75	1.080000e+02	2.959712e+06	6.200000e+01	4.600000e+01	2.959712e+06	1.000000e+00	0.006780	0.000000	0.000000	0.000000	0.000000
 76	1.080000e+02	2.959712e+06	6.300000e+01	4.500000e+01	2.959712e+06	1.000000e+00	0.007090	0.000000	0.000000	0.000000	0.000000
 77	1.080000e+02	2.959712e+06	6.500000e+01	4.300000e+01	2.959712e+06	1.000000e+00	0.006971	0.000000	0.000000	0.000000	0.000000
 78	1.080000e+02	2.959712e+06	5.900000e+01	4.900000e+01	2.959712e+06	1.000000e+00	0.007121	0.000000	0.000000	0.000000	0.000000
 79	1.080000e+02	2.959712e+06	6.200000e+01	4.600000e+01	2.959712e+06	1.000000e+00	0.007029	0.000000	0.000000	0.000000	0.000000
 80	8.100000e+01	2.233136e+06	3.100000e+01	5.000000e+01	2.233136e+06	1.000000e+00	0.010932	0.000000	0.000000	0.000000	0.000000
 81	8.100000e+01	2.195472e+06	3.200000e+01	4.900000e+01	2.195472e+06	1.000000e+00	0.006860	0.000000	0.000000	0.000000	0.000000
 82	1.080000e+02	2.959712e+06	6.100000e+01	4.700000e+01	2.959712e+06	1.000000e+00	0.003158	0.000000	0.000000	0.000000	0.000000
 83	1.080000e+02	2.959712e+06	7.000000e+01	3.800000e+01	2.959712e+06	1.000000e+00	0.003006	0.000000	0.000000	0.000000	0.000000
 84	1.080000e+02	2.959712e+06	5.800000e+01	5.000000e+01	2.959712e+06	1.000000e+00	0.003742	0.000000	0.000000	0.000000	0.000000
 85	1.080000e+02	2.959712e+06	6.200000e+01	4.600000e+01	2.959712e+06	1.000000e+00	0.003591	0.000000	0.000000	0.000000	0.000000
 86	1.080000e+02	2.959712e+06	5.300000e+01	5.500000e+01	2.959712e+06	1.000000e+00	0.004036	0.000000	0.000000	0.000000	0.000000
 87	1.080000e+02	2.959712e+06	6.700000e+01	4.100000e+01	2.959712e+06	1.000000e+00	0.004754	0.000000	0.000000	0.000000	0.000000
 88	8.100000e+01	2.233136e+06	2.700000e+01	5.400000e+01	2.233136e+06	1.000000e+00	0.008841	0.000000	0.000000	0.000000	0.000000
 89	8.100000e+01	2.214304e+06	3.300000e+01	4.800000e+01	2.214304e+06	1.000000e+00	0.004453	0.000000	0.000000	0.000000	0.000000
 90	1.080000e+02	2.997376e+06	7.200000e+01	3.600000e+01	2.997376e+06	1.000000e+00	0.000782	0.000000	0.000000	0.000000	0.000000
 91	1.080000e+02	2.997376e+06	8.400000e+01	2.400000e+01	2.997376e+06	1.000000e+00	0.000000	0.000000	0.000000	0.000000	0.000000
 92	1.080000e+02	2.997376e+06	6.900000e+01	3.900000e+01	2.997376e+06	1.000000e+00	0.000339	0.000000	0.000000	0.000000	0.000000
 93	1.080000e+02	2.997376e+06	6.800000e+01	4.000000e+01	2.997376e+06	1.000000e+00	0.000560	0.000000	0.000000	0.000000	0.000000
 94	1.080000e+02	2.997376e+06	6.500000e+01	4.300000e+01	2.997376e+06	1.000000e+00	0.001468	0.000000	0.000000	0.000000	0.000000
 95	1.080000e+02	2.997376e+06	7.100000e+01	3.700000e+01	2.997376e+06	1.000000e+00	0.001929	0.000000	0.000000	0.000000	0.000000
 96	8.100000e+01	2.251968e+06	3.700000e+01	4.400000e+01	2.251968e+06	1.000000e+00	0.005636	0.000000	0.000000	0.000000	0.000000
 97	8.100000e+01	2.214304e+06	4.700000e+01	3.400000e+01	2.214304e+06	1.000000e+00	0.003819	0.000000	0.000000	0.000000	0.000000
 98	1.080000e+02	2.997376e+06	6.700000e+01	4.100000e+01	2.997376e+06	1.000000e+00	0.001575	0.000000	0.000000	0.000000	0.000000
 99	1.080000e+02	2.997376e+06	8.200000e+01	2.600000e+01	2.997376e+06	1.000000e+00	0.000759	0.000000	0.000000	0.000000	0.000000
100	1.080000e+02	2.997376e+06	5.700000e+01	5.100000e+01	2.997376e+06	1.000000e+00	0.001477	0.000000	0.000000	0.000000	0.000000
101	1.080000e+02	2.997376e+06	5.300000e+01	5.500000e+01	2.997376e+06	1.000000e+00	0.001932	0.000000	0.000000	0.000000	0.000000
102	1.080000e+02	2.997376e+06	7.700000e+01	3.100000e+01	2.997376e+06	1.000000e+00	0.001608	0.000000	0.000000	0.000000	0.000000
103	1.080000e+02	2.997376e+06	6.500000e+01	4.300000e+01	2.997376e+06	1.000000e+00	0.002135	0.000000	0.000000	0.000000	0.000000
104	8.100000e+01	2.251968e+06	3.400000e+01	4.700000e+01	2.251968e+06	1.000000e+00	0.004380	0.000000	0.000000	0.000000	0.000000
105	8.100000e+01	2.214304e+06	2.800000e+01	5.300000e+01	2.214304e+06	1.000000e+00	0.004675	0.000000	0.000000	0.000000	0.000000
106	1.080000e+02	2.997376e+06	6.600000e+01	4.200000e+01	2.997376e+06	1.000000e+00	0.001001	0.000000	0.000000	0.000000	0.000000
107	1.080000e+02	2.997376e+06	7.700000e+01	3.100000e+01	2.997376e+06	1.000000e+00	0.001005	0.000000	0.000000	0.000000	0.000000
108	1.080000e+02	2.997376e+06	6.800000e+01	4.000000e+01	2.997376e+06	1.000000e+00	0.001519	0.000000	0.000000	0.000000	0.000000
109	1.080000e+02	2.997376e+06	5.800000e+01	5.000000e+01	2.997376e+06	1.000000e+00	0.001722	0.000000	0.000000	0.000000	0.000000
110	1.080000e+02	2.997376e+06	7.400000e+01	3.400000e+01	2.997376e+06	1.000000e+00	0.001761	0.000000	0.000000	0.000000	0.000000
111	1.080000e+02	2.997376e+06	6.300000e+01	4.500000e+01	2.997376e+06	1.000000e+00	0.002452	0.000000	0.000000	0.000000	0.000000
112	8.100000e+01	2.251968e+06	4.100000e+01	4.000000e+01	2.251968e+06	1.000000e+00	0.003417	0.000000	0.000000	0.000000	0.000000
113	8.100000e+01	2.214304e+06	4.000000e+01	4.100000e+01	2.214304e+06	1.000000e+00	0.004462	0.000000	0.000000	0.000000	0.000000
114	1.080000e+02	2.997376e+06	6.300000e+01	4.500000e+01	2.997376e+06	1.000000e+00	0.001609	0.000000	0.000000	0.000000	0.000000
115	1.080000e+02	2.997376e+06	6.600000e+01	4.200000e+01	2.997376e+06	1.000000e+00	0.001055	0.000000	0.000000	0.000000	0.000000
116	1.080000e+02	2.997376e+06	8.500000e+01	2.300000e+01	2.997376e+06	1.000000e+00	0.001116	0.000000	0.000000	0.000000	0.000000
117	1.080000e+02	2.997376e+06	6.200000e+01	4.600000e+01	2.997376e+06	1.000000e+00	0.001959	0.000000	0.000000	0.000000	0.000000
118	1.080000e+02	2.997376e+06	7.800000e+01	3.000000e+01	2.997376e+06	1.000000e+00	0.002279	0.000000	0.000000	0.000000	0.000000
119	1.080000e+02	2.997376e+06	6.600000e+01	4.200000e+01	2.997376e+06	1.000000e+00	0.002973	0.000000	0.000000	0.000000	0.000000
120	8.100000e+01	2.251968e+06	4.500000e+01	3.600000e+01	2.251968e+06	1.000000e+00	0.003639	0.000000	0.000000	0.000000	0.000000
121	5.400000e+01	1.464960e+06	4.000000e+00	5.000000e+01	1.464960e+06	1.000000e+00	0.011713	0.000000	0.000000	0.000000	0.000000
122	8.100000e+01	2.214304e+06	3.700000e+01	4.400000e+01	2.214304e+06	1.000000e+00	0.009520	0.000000	0.000000	0.000000	0.000000
123	8.100000e+01	2.214304e+06	3.400000e+01	4.700000e+01	2.214304e+06	1.000000e+00	0.008915	0.000000	0.000000	0.000000	0.000000
124	8.100000e+01	2.214304e+06	4.400000e+01	3.700000e+01	2.214304e+06	1.000000e+00	0.009523	0.000000	0.000000	0.000000	0.000000
125	8.100000e+01	2.214304e+06	2.700000e+01	5.400000e+01	2.214304e+06	1.000000e+00	0.008924	0.000000	0.000000	0.000000	0.000000
126	8.100000e+01	2.214304e+06	3.900000e+01	4.200000e+01	2.214304e+06	1.000000e+00	0.010929	0.000000	0.000000	0.000000	0.000000
127	8.100000e+01	2.214304e+06	2.800000e+01	5.300000e+01	2.214304e+06	1.000000e+00	0.010784	0.000000	0.000000	0.000000	0.000000
128	5.400000e+01	1.483792e+06	7.000000e+00	4.700000e+01	1.483792e+06	1.000000e+00	0.012280	0.000000	0.000000	0.000000	0.000000
------------------------------------------------------------------------------------------------------------------------------------------------------------------------------------
Total	1.252800e+04	3.449310e+08	6.870000e+03	5.658000e+03	3.449310e+08	1.280000e+02	8.744760e+05	0.000000e+00	0.000000e+00	0.000000e+00	0.000000e+00	
Average	9.787500e+01	2.694774e+06	5.367188e+01	4.420312e+01	2.694774e+06	1.000000e+00	6.831844e+03	0.000000e+00	0.000000e+00	0.000000e+00	0.000000e+00	
Maximum	1.080000e+02	2.997376e+06	9.100000e+01	6.100000e+01	2.997376e+06	1.000000e+00	1.781400e+04	0.000000e+00	0.000000e+00	0.000000e+00	0.000000e+00	
Minimum	5.400000e+01	1.446128e+06	4.000000e+00	1.700000e+01	1.446128e+06	1.000000e+00	0.000000e+00	0.000000e+00	0.000000e+00	0.000000e+00	0.000000e+00	
Stdev	1.471128e+01	4.160683e+05	1.823720e+01	8.446855e+00	4.160683e+05	0.000000e+00	3.965128e+03	0.000000e+00	0.000000e+00	0.000000e+00	0.000000e+00	
